{"/Users/giovanesantos/Documents/libs/react-leaflet-muster/src/Muster/index.js": {"path":"/Users/giovanesantos/Documents/libs/react-leaflet-muster/src/Muster/index.js","statementMap":{"0":{"start":{"line":14,"column":20},"end":{"line":16,"column":5}},"1":{"start":{"line":17,"column":22},"end":{"line":17,"column":24}},"2":{"start":{"line":18,"column":4},"end":{"line":22,"column":7}},"3":{"start":{"line":19,"column":8},"end":{"line":21,"column":46}},"4":{"start":{"line":23,"column":4},"end":{"line":23,"column":34}},"5":{"start":{"line":27,"column":4},"end":{"line":30,"column":7}},"6":{"start":{"line":28,"column":22},"end":{"line":28,"column":72}},"7":{"start":{"line":29,"column":8},"end":{"line":29,"column":36}},"8":{"start":{"line":33,"column":28},"end":{"line":42,"column":2}},"9":{"start":{"line":34,"column":4},"end":{"line":34,"column":23}},"10":{"start":{"line":35,"column":35},"end":{"line":35,"column":64}},"11":{"start":{"line":36,"column":20},"end":{"line":36,"column":53}},"12":{"start":{"line":37,"column":4},"end":{"line":37,"column":56}},"13":{"start":{"line":38,"column":4},"end":{"line":41,"column":6}}},"fnMap":{"0":{"name":"getOptionsAndListeners","decl":{"start":{"line":13,"column":9},"end":{"line":13,"column":31}},"loc":{"start":{"line":13,"column":39},"end":{"line":24,"column":1}},"line":13},"1":{"name":"(anonymous_1)","decl":{"start":{"line":18,"column":34},"end":{"line":18,"column":35}},"loc":{"start":{"line":18,"column":61},"end":{"line":22,"column":5}},"line":18},"2":{"name":"setListenerInMarkerClusterGroup","decl":{"start":{"line":26,"column":9},"end":{"line":26,"column":40}},"loc":{"start":{"line":26,"column":61},"end":{"line":31,"column":1}},"line":26},"3":{"name":"(anonymous_3)","decl":{"start":{"line":27,"column":38},"end":{"line":27,"column":39}},"loc":{"start":{"line":27,"column":67},"end":{"line":30,"column":5}},"line":27},"4":{"name":"(anonymous_4)","decl":{"start":{"line":33,"column":48},"end":{"line":33,"column":49}},"loc":{"start":{"line":33,"column":68},"end":{"line":42,"column":1}},"line":33}},"branchMap":{"0":{"loc":{"start":{"line":19,"column":8},"end":{"line":21,"column":45}},"type":"cond-expr","locations":[{"start":{"line":20,"column":14},"end":{"line":20,"column":43}},{"start":{"line":21,"column":14},"end":{"line":21,"column":45}}],"line":19}},"s":{"0":1,"1":1,"2":1,"3":2,"4":1,"5":1,"6":1,"7":1,"8":1,"9":1,"10":1,"11":1,"12":1,"13":1},"f":{"0":1,"1":2,"2":1,"3":1,"4":1},"b":{"0":[1,1]},"_coverageSchema":"1a1c01bbd47fc00a2c39e90264f33305004495a9","hash":"4096a67fd13e4585b5772a0b84c8c090f5f35abc"}
,"/Users/giovanesantos/Documents/libs/react-leaflet-muster/test/css.js": {"path":"/Users/giovanesantos/Documents/libs/react-leaflet-muster/test/css.js","statementMap":{"0":{"start":{"line":1,"column":0},"end":{"line":1,"column":20}}},"fnMap":{},"branchMap":{},"s":{"0":1},"f":{},"b":{},"_coverageSchema":"1a1c01bbd47fc00a2c39e90264f33305004495a9","hash":"adc9704b70dd07061d8b2542591c5f79c19a62c5"}
}
