{"/Users/giovanesantos/Documents/libs/react-leaflet-muster/src/Muster/index.js": {"path":"/Users/giovanesantos/Documents/libs/react-leaflet-muster/src/Muster/index.js","statementMap":{"0":{"start":{"line":13,"column":28},"end":{"line":29,"column":2}},"1":{"start":{"line":14,"column":20},"end":{"line":16,"column":5}},"2":{"start":{"line":17,"column":22},"end":{"line":17,"column":24}},"3":{"start":{"line":18,"column":4},"end":{"line":22,"column":7}},"4":{"start":{"line":19,"column":8},"end":{"line":21,"column":46}},"5":{"start":{"line":23,"column":20},"end":{"line":23,"column":53}},"6":{"start":{"line":24,"column":4},"end":{"line":27,"column":7}},"7":{"start":{"line":25,"column":22},"end":{"line":25,"column":72}},"8":{"start":{"line":26,"column":8},"end":{"line":26,"column":36}},"9":{"start":{"line":28,"column":4},"end":{"line":28,"column":93}}},"fnMap":{"0":{"name":"(anonymous_0)","decl":{"start":{"line":13,"column":48},"end":{"line":13,"column":49}},"loc":{"start":{"line":13,"column":68},"end":{"line":29,"column":1}},"line":13},"1":{"name":"(anonymous_1)","decl":{"start":{"line":18,"column":34},"end":{"line":18,"column":35}},"loc":{"start":{"line":18,"column":61},"end":{"line":22,"column":5}},"line":18},"2":{"name":"(anonymous_2)","decl":{"start":{"line":24,"column":38},"end":{"line":24,"column":39}},"loc":{"start":{"line":24,"column":67},"end":{"line":27,"column":5}},"line":24}},"branchMap":{"0":{"loc":{"start":{"line":19,"column":8},"end":{"line":21,"column":45}},"type":"cond-expr","locations":[{"start":{"line":20,"column":14},"end":{"line":20,"column":43}},{"start":{"line":21,"column":14},"end":{"line":21,"column":45}}],"line":19}},"s":{"0":1,"1":1,"2":1,"3":1,"4":2,"5":1,"6":1,"7":1,"8":1,"9":1},"f":{"0":1,"1":2,"2":1},"b":{"0":[1,1]},"_coverageSchema":"1a1c01bbd47fc00a2c39e90264f33305004495a9","hash":"6de2e9506be1767690663e4be12a120fe2edf094"}
,"/Users/giovanesantos/Documents/libs/react-leaflet-muster/test/css.js": {"path":"/Users/giovanesantos/Documents/libs/react-leaflet-muster/test/css.js","statementMap":{"0":{"start":{"line":1,"column":0},"end":{"line":1,"column":20}}},"fnMap":{},"branchMap":{},"s":{"0":1},"f":{},"b":{},"_coverageSchema":"1a1c01bbd47fc00a2c39e90264f33305004495a9","hash":"adc9704b70dd07061d8b2542591c5f79c19a62c5"}
}
