TN:
SF:src/Muster/index.js
FN:13,getOptionsAndListeners
FN:18,(anonymous_1)
FN:26,setListenerInMarkerClusterGroup
FN:27,(anonymous_3)
FN:33,(anonymous_4)
FNF:5
FNH:5
FNDA:1,getOptionsAndListeners
FNDA:2,(anonymous_1)
FNDA:1,setListenerInMarkerClusterGroup
FNDA:1,(anonymous_3)
FNDA:1,(anonymous_4)
DA:14,1
DA:17,1
DA:18,1
DA:19,2
DA:23,1
DA:27,1
DA:28,1
DA:29,1
DA:33,1
DA:34,1
DA:35,1
DA:36,1
DA:37,1
DA:38,1
LF:14
LH:14
BRDA:19,0,0,1
BRDA:19,0,1,1
BRF:2
BRH:2
end_of_record
TN:
SF:test/css.js
FNF:0
FNH:0
DA:1,1
LF:1
LH:1
BRF:0
BRH:0
end_of_record
